./include/my.h:33: INFO:C-A3
./main.c:15: MINOR:C-L6
./main.c:18: MINOR:C-G7
./main.c:18: MINOR:C-L6
./main.c:21: INFO:C-A3
./src/game_loop.c:23: MINOR:C-L6
./src/game_loop.c:24: MAJOR:C-F3
./src/game_loop.c:26: MINOR:C-L6
./src/game_loop.c:27: MINOR:C-L6
./src/game_loop.c:28: MINOR:C-L3
./src/handle_bird.c:20: MINOR:C-L6
./src/handle_bird.c:43: MINOR:C-G8
./src/handle_bird.c:44: MINOR:C-G8
./src/menu.c:28: MINOR:C-L6
./src/menu.c:31: MAJOR:C-C1
./src/menu.c:33: MAJOR:C-C1
./src/menu.c:39: MAJOR:C-F4
./src/menu.c:40: MAJOR:C-F4
./src/menu.c:41: MAJOR:C-F4
./src/menu.c:42: MAJOR:C-F4
./src/sound.c:15: MINOR:C-L6
./src/window.c:12: MAJOR:C-F3
./utils/my_putstr.c:18: INFO:C-A3
